\BOOKMARK [0][-]{chapter*.3}{Abstract}{}% 1
\BOOKMARK [0][-]{chapter*.4}{Acknowledgments}{}% 2
\BOOKMARK [0][-]{chapter*.6}{List of Figures}{}% 3
\BOOKMARK [0][-]{chapter.1}{Chapter Introduction}{}% 4
\BOOKMARK [1][-]{section.1.1}{Introduction}{chapter.1}% 5
\BOOKMARK [1][-]{section.1.2}{Problem Area}{chapter.1}% 6
\BOOKMARK [1][-]{section.1.3}{Motivation for this research}{chapter.1}% 7
\BOOKMARK [1][-]{section.1.4}{Objectives}{chapter.1}% 8
\BOOKMARK [1][-]{section.1.5}{Dissertation Outline}{chapter.1}% 9
\BOOKMARK [0][-]{chapter.2}{Chapter Background}{}% 10
\BOOKMARK [1][-]{section.2.1}{Introduction}{chapter.2}% 11
\BOOKMARK [1][-]{section.2.2}{Radio duty cycling}{chapter.2}% 12
\BOOKMARK [2][-]{subsection.2.2.1}{Low Power Listening}{section.2.2}% 13
\BOOKMARK [2][-]{subsection.2.2.2}{Low Power Probing}{section.2.2}% 14
\BOOKMARK [2][-]{subsection.2.2.3}{X-MAC}{section.2.2}% 15
\BOOKMARK [2][-]{subsection.2.2.4}{BoX-MAC-2}{section.2.2}% 16
\BOOKMARK [2][-]{subsection.2.2.5}{ContikiMAC}{section.2.2}% 17
\BOOKMARK [1][-]{section.2.3}{Routing Protocols}{chapter.2}% 18
\BOOKMARK [2][-]{subsection.2.3.1}{Ad-hoc On Demand Distance Vector routing}{section.2.3}% 19
\BOOKMARK [2][-]{subsection.2.3.2}{Dynamic Source Routing}{section.2.3}% 20
\BOOKMARK [2][-]{subsection.2.3.3}{Optimised Link State Routing}{section.2.3}% 21
\BOOKMARK [2][-]{subsection.2.3.4}{Destination Sequenced Distance Vector Routing}{section.2.3}% 22
\BOOKMARK [2][-]{subsection.2.3.5}{IPv6 Routing Protocol for Low-Power and Lossy Networks}{section.2.3}% 23
\BOOKMARK [1][-]{section.2.4}{Protocol Performance}{chapter.2}% 24
\BOOKMARK [1][-]{section.2.5}{Summary}{chapter.2}% 25
\BOOKMARK [0][-]{chapter.3}{Chapter Design}{}% 26
\BOOKMARK [1][-]{section.3.1}{Introduction}{chapter.3}% 27
\BOOKMARK [1][-]{section.3.2}{Bluetooth Low Energy}{chapter.3}% 28
\BOOKMARK [2][-]{subsection.3.2.1}{The BLE Protocol Stack}{section.3.2}% 29
\BOOKMARK [2][-]{subsection.3.2.2}{Physical Layer}{section.3.2}% 30
\BOOKMARK [2][-]{subsection.3.2.3}{Link Layer}{section.3.2}% 31
\BOOKMARK [2][-]{subsection.3.2.4}{Protocols}{section.3.2}% 32
\BOOKMARK [2][-]{subsection.3.2.5}{Profiles}{section.3.2}% 33
\BOOKMARK [2][-]{subsection.3.2.6}{Intervals and Windows}{section.3.2}% 34
\BOOKMARK [2][-]{subsection.3.2.7}{Connections}{section.3.2}% 35
\BOOKMARK [2][-]{subsection.3.2.8}{BLE Data Packets}{section.3.2}% 36
\BOOKMARK [1][-]{section.3.3}{AODV BLE module}{chapter.3}% 37
\BOOKMARK [2][-]{subsection.3.3.1}{Advertisement Periods}{section.3.3}% 38
\BOOKMARK [2][-]{subsection.3.3.2}{Packet Buffering}{section.3.3}% 39
\BOOKMARK [1][-]{section.3.4}{Attendance Tracking}{chapter.3}% 40
\BOOKMARK [2][-]{subsection.3.4.1}{Roll Call}{section.3.4}% 41
\BOOKMARK [2][-]{subsection.3.4.2}{Route to Zero}{section.3.4}% 42
\BOOKMARK [2][-]{subsection.3.4.3}{Design Discussion}{section.3.4}% 43
\BOOKMARK [1][-]{section.3.5}{Summary}{chapter.3}% 44
\BOOKMARK [0][-]{chapter.4}{Chapter Implementation}{}% 45
\BOOKMARK [1][-]{section.4.1}{Introduction}{chapter.4}% 46
\BOOKMARK [1][-]{section.4.2}{Hardware}{chapter.4}% 47
\BOOKMARK [1][-]{section.4.3}{Architecture}{chapter.4}% 48
\BOOKMARK [2][-]{subsection.4.3.1}{Overview}{section.4.3}% 49
\BOOKMARK [2][-]{subsection.4.3.2}{Broadcasting}{section.4.3}% 50
\BOOKMARK [2][-]{subsection.4.3.3}{Observing}{section.4.3}% 51
\BOOKMARK [2][-]{subsection.4.3.4}{Routing table}{section.4.3}% 52
\BOOKMARK [2][-]{subsection.4.3.5}{Route Maintenance}{section.4.3}% 53
\BOOKMARK [1][-]{section.4.4}{Security Considerations}{chapter.4}% 54
\BOOKMARK [0][-]{chapter.5}{Chapter Results and Analysis}{}% 55
\BOOKMARK [1][-]{section.5.1}{Introduction}{chapter.5}% 56
\BOOKMARK [1][-]{section.5.2}{Evaluation Methodology}{chapter.5}% 57
\BOOKMARK [1][-]{section.5.3}{Medium Scale Evaluation Results}{chapter.5}% 58
\BOOKMARK [2][-]{subsection.5.3.1}{Evaluation Settings}{section.5.3}% 59
\BOOKMARK [2][-]{subsection.5.3.2}{Node discovery rate}{section.5.3}% 60
\BOOKMARK [2][-]{subsection.5.3.3}{Packets per node}{section.5.3}% 61
\BOOKMARK [2][-]{subsection.5.3.4}{Packets per hop}{section.5.3}% 62
\BOOKMARK [0][-]{chapter.6}{Chapter Conclusion}{}% 63
\BOOKMARK [1][-]{section.6.1}{Overview}{chapter.6}% 64
\BOOKMARK [1][-]{section.6.2}{Discussion}{chapter.6}% 65
\BOOKMARK [1][-]{section.6.3}{Future Work}{chapter.6}% 66
\BOOKMARK [2][-]{subsection.6.3.1}{Improvements to AODV}{section.6.3}% 67
\BOOKMARK [2][-]{subsection.6.3.2}{Simulation}{section.6.3}% 68
\BOOKMARK [2][-]{subsection.6.3.3}{Implementation of other protocols}{section.6.3}% 69
\BOOKMARK [0][-]{chapter*.23}{Bibliography}{}% 70
